2025-04-10 01:34:46,488 DEBUG    decorators.py                  decorator                      10   Entering user_management.views.user_viewset:create with args=(<user_management.views.user_viewset.UserViewSet object at 0x00000172F12BACD0>, <rest_framework.request.Request: POST '/v1/user'>), kwargs={}
2025-04-10 01:34:46,489 DEBUG    decorators.py                  decorator                      16   Request Body:{'firstname': 'Akshata', 'lastname': 'Jagatap', 'email': 'akshata@gmail.com'}
2025-04-10 01:34:46,681 DEBUG    decorators.py                  decorator                      21   Response:<Response status_code=201, "text/html; charset=utf-8">
2025-04-10 01:34:46,682 DEBUG    decorators.py                  decorator                      22   Exiting user_management.views.user_viewset:create
2025-04-10 01:37:34,566 DEBUG    decorators.py                  decorator                      10   Entering user_management.views.user_viewset:create with args=(<user_management.views.user_viewset.UserViewSet object at 0x000001B7818EB290>, <rest_framework.request.Request: POST '/v1/user'>), kwargs={}
2025-04-10 01:37:34,568 DEBUG    decorators.py                  decorator                      16   Request Body:{'firstname': 'Akshata', 'lastname': 'Jagatap', 'email': 'akshatah@gmail.com'}
2025-04-10 01:37:34,646 DEBUG    decorators.py                  decorator                      21   Response:<Response status_code=201, "text/html; charset=utf-8">
2025-04-10 01:37:34,647 DEBUG    decorators.py                  decorator                      22   Exiting user_management.views.user_viewset:create
2025-04-10 01:37:52,352 DEBUG    decorators.py                  decorator                      10   Entering blogpost_management.views.blogpost_views:create with args=(<blogpost_management.views.blogpost_views.BlogPostViewSet object at 0x000001B783069A50>, <rest_framework.request.Request: POST '/v1/blog'>), kwargs={}
2025-04-10 01:37:52,353 DEBUG    decorators.py                  decorator                      16   Request Body:{'tittle': 'Blog 1', 'body': 'This blog is related to Politics', 'description': 'This blog is related to Politics', 'category': 'Politics', 'author': '15a6ecc9-1b55-42e1-911e-e07a408c1d5'}
2025-04-10 01:38:09,405 DEBUG    decorators.py                  decorator                      10   Entering blogpost_management.views.blogpost_views:create with args=(<blogpost_management.views.blogpost_views.BlogPostViewSet object at 0x000001B782BCAB10>, <rest_framework.request.Request: POST '/v1/blog'>), kwargs={}
2025-04-10 01:38:09,406 DEBUG    decorators.py                  decorator                      16   Request Body:{'tittle': 'Blog 1', 'body': 'This blog is related to Politics', 'description': 'This blog is related to Politics', 'category': 'Politics', 'author': '15a6ecc9-1b55-42e1-911e-e07a408c1d59'}
2025-04-10 01:38:15,394 DEBUG    decorators.py                  decorator                      10   Entering blogpost_management.views.blogpost_views:create with args=(<blogpost_management.views.blogpost_views.BlogPostViewSet object at 0x000001B78309BF90>, <rest_framework.request.Request: POST '/v1/blog'>), kwargs={}
2025-04-10 01:38:15,395 DEBUG    decorators.py                  decorator                      16   Request Body:{'title': 'Blog 1', 'body': 'This blog is related to Politics', 'description': 'This blog is related to Politics', 'category': 'Politics', 'author': '15a6ecc9-1b55-42e1-911e-e07a408c1d59'}
2025-04-10 01:38:15,405 DEBUG    decorators.py                  decorator                      21   Response:<Response status_code=201, "text/html; charset=utf-8">
2025-04-10 01:38:15,405 DEBUG    decorators.py                  decorator                      22   Exiting blogpost_management.views.blogpost_views:create
2025-04-10 01:38:54,118 DEBUG    decorators.py                  decorator                      10   Entering blogpost_management.views.blogpost_views:update with args=(<blogpost_management.views.blogpost_views.BlogPostViewSet object at 0x000001B781902850>, <rest_framework.request.Request: PUT '/v1/blog/3e93e455-283c-482f-8786-d0b88f36377c'>), kwargs={'pk': '3e93e455-283c-482f-8786-d0b88f36377c'}
2025-04-10 01:38:54,119 DEBUG    decorators.py                  decorator                      16   Request Body:{'title': 'Blog 1', 'body': 'This blog is related to Science', 'description': 'This blog is related to Politics', 'category': 'Politics', 'author': '15a6ecc9-1b55-42e1-911e-e07a408c1d59'}
2025-04-10 01:38:54,127 DEBUG    decorators.py                  decorator                      21   Response:<Response status_code=200, "text/html; charset=utf-8">
2025-04-10 01:38:54,128 DEBUG    decorators.py                  decorator                      22   Exiting blogpost_management.views.blogpost_views:update
2025-04-10 01:39:16,829 DEBUG    decorators.py                  decorator                      10   Entering blogpost_management.views.blogpost_views:retrieve with args=(<blogpost_management.views.blogpost_views.BlogPostViewSet object at 0x000001B782EBD690>, <rest_framework.request.Request: GET '/v1/blog/3e93e455-283c-482f-8786-d0b88f36377c'>), kwargs={'pk': '3e93e455-283c-482f-8786-d0b88f36377c'}
2025-04-10 01:39:16,830 DEBUG    decorators.py                  decorator                      16   Request Body:{}
2025-04-10 01:39:16,832 DEBUG    decorators.py                  decorator                      21   Response:<Response status_code=200, "text/html; charset=utf-8">
2025-04-10 01:39:16,833 DEBUG    decorators.py                  decorator                      22   Exiting blogpost_management.views.blogpost_views:retrieve
2025-04-10 01:39:37,812 DEBUG    decorators.py                  decorator                      10   Entering blogpost_management.views.blogpost_views:list with args=(<blogpost_management.views.blogpost_views.BlogPostViewSet object at 0x000001B7830DD250>, <rest_framework.request.Request: GET '/v1/blog'>), kwargs={}
2025-04-10 01:39:37,813 DEBUG    decorators.py                  decorator                      16   Request Body:{}
2025-04-10 01:39:37,817 DEBUG    decorators.py                  decorator                      21   Response:<Response status_code=200, "text/html; charset=utf-8">
2025-04-10 01:39:37,817 DEBUG    decorators.py                  decorator                      22   Exiting blogpost_management.views.blogpost_views:list
2025-04-10 01:40:22,707 DEBUG    decorators.py                  decorator                      10   Entering blogpost_management.views.blogpost_views:destroy with args=(<blogpost_management.views.blogpost_views.BlogPostViewSet object at 0x000001B782BCACD0>, <rest_framework.request.Request: DELETE '/v1/blog/3e93e455-283c-482f-8786-d0b88f36377c'>), kwargs={'pk': '3e93e455-283c-482f-8786-d0b88f36377c'}
2025-04-10 01:40:22,708 DEBUG    decorators.py                  decorator                      16   Request Body:{}
2025-04-10 01:40:22,714 DEBUG    decorators.py                  decorator                      21   Response:<Response status_code=200, "text/html; charset=utf-8">
2025-04-10 01:40:22,715 DEBUG    decorators.py                  decorator                      22   Exiting blogpost_management.views.blogpost_views:destroy
2025-04-10 01:40:47,290 DEBUG    decorators.py                  decorator                      10   Entering blogpost_management.views.blogpost_views:create with args=(<blogpost_management.views.blogpost_views.BlogPostViewSet object at 0x000001C400FF7A90>, <rest_framework.request.Request: POST '/v1/blog'>), kwargs={}
2025-04-10 01:40:47,291 DEBUG    decorators.py                  decorator                      16   Request Body:{'title': 'Blog 1', 'body': 'This blog is related to Politics', 'description': 'This blog is related to Politics', 'category': 'Politics', 'author': '15a6ecc9-1b55-42e1-911e-e07a408c1d59'}
2025-04-10 01:40:47,376 DEBUG    decorators.py                  decorator                      21   Response:<Response status_code=201, "text/html; charset=utf-8">
2025-04-10 01:40:47,377 DEBUG    decorators.py                  decorator                      22   Exiting blogpost_management.views.blogpost_views:create
2025-04-10 01:42:38,148 DEBUG    decorators.py                  decorator                      10   Entering blogpost_management.views.blogpost_views:list with args=(<blogpost_management.views.blogpost_views.BlogPostViewSet object at 0x000001C400FF4050>, <rest_framework.request.Request: GET '/v1/blog?category=poli'>), kwargs={}
2025-04-10 01:42:38,149 DEBUG    decorators.py                  decorator                      16   Request Body:{}
2025-04-10 01:42:38,336 DEBUG    decorators.py                  decorator                      21   Response:<Response status_code=200, "text/html; charset=utf-8">
2025-04-10 01:42:38,336 DEBUG    decorators.py                  decorator                      22   Exiting blogpost_management.views.blogpost_views:list
2025-04-10 01:42:45,983 DEBUG    decorators.py                  decorator                      10   Entering blogpost_management.views.blogpost_views:list with args=(<blogpost_management.views.blogpost_views.BlogPostViewSet object at 0x000001C47FEAE150>, <rest_framework.request.Request: GET '/v1/blog?category=politics'>), kwargs={}
2025-04-10 01:42:45,984 DEBUG    decorators.py                  decorator                      16   Request Body:{}
2025-04-10 01:42:45,989 DEBUG    decorators.py                  decorator                      21   Response:<Response status_code=200, "text/html; charset=utf-8">
2025-04-10 01:42:45,990 DEBUG    decorators.py                  decorator                      22   Exiting blogpost_management.views.blogpost_views:list
2025-04-10 12:12:08,393 DEBUG    decorators.py                  decorator                      10   Entering blogpost_management.views.blogpost_views:create with args=(<blogpost_management.views.blogpost_views.BlogPostViewSet object at 0x000001FE5FCC4FD0>, <rest_framework.request.Request: POST '/v1/blog'>), kwargs={}
2025-04-10 12:12:08,396 DEBUG    decorators.py                  decorator                      16   Request Body:{'title': 'Blog 1', 'body': 'This blog is related to Politics', 'description': 'This blog is related to Politics', 'category': 'Politics', 'author': '15a6ecc9-1b55-42e1-911e-e07a408c1d59'}
2025-04-10 12:13:15,161 DEBUG    decorators.py                  decorator                      10   Entering blogpost_management.views.blogpost_views:create with args=(<blogpost_management.views.blogpost_views.BlogPostViewSet object at 0x000001880DE53810>, <rest_framework.request.Request: POST '/v1/blog'>), kwargs={}
2025-04-10 12:13:15,169 DEBUG    decorators.py                  decorator                      16   Request Body:{'title': 'Blog 1', 'body': 'This blog is related to Politics', 'description': 'This blog is related to Politics', 'category': 'Politics', 'author': '15a6ecc9-1b55-42e1-911e-e07a408c1d59'}
2025-04-10 12:14:16,321 DEBUG    decorators.py                  decorator                      10   Entering blogpost_management.views.blogpost_views:create with args=(<blogpost_management.views.blogpost_views.BlogPostViewSet object at 0x00000185BCCA1C10>, <rest_framework.request.Request: POST '/v1/blog'>), kwargs={}
2025-04-10 12:14:16,322 DEBUG    decorators.py                  decorator                      16   Request Body:{'title': 'Blog 1', 'body': 'This blog is related to Politics', 'description': 'This blog is related to Politics', 'category': 'Politics', 'author': '116b9be7-3f23-48cf-baa4-fd471cb80478'}
2025-04-10 12:14:19,514 DEBUG    decorators.py                  decorator                      21   Response:<Response status_code=201, "text/html; charset=utf-8">
2025-04-10 12:14:19,515 DEBUG    decorators.py                  decorator                      22   Exiting blogpost_management.views.blogpost_views:create
2025-04-10 12:22:03,986 DEBUG    decorators.py                  decorator                      10   Entering blogpost_management.views.blogpost_viewset:create with args=(<blogpost_management.views.blogpost_viewset.BlogPostViewSet object at 0x000001E5C883B010>, <rest_framework.request.Request: POST '/v1/blog'>), kwargs={}
2025-04-10 12:22:03,987 DEBUG    decorators.py                  decorator                      16   Request Body:{'title': 'Blog 1', 'body': 'This blog is related to Politics', 'description': 'This blog is related to Politics', 'category': 'Politics', 'author': '116b9be7-3f23-48cf-baa4-fd471cb80478'}
2025-04-10 12:22:06,781 DEBUG    decorators.py                  decorator                      21   Response:<Response status_code=201, "text/html; charset=utf-8">
2025-04-10 12:22:06,782 DEBUG    decorators.py                  decorator                      22   Exiting blogpost_management.views.blogpost_viewset:create
